19:36:53.996 [main] DEBUG stepDefinition.stepDef - Initialize Driver
19:36:59.963 [main] INFO  stepDefinition.stepDef - Driver Initialized
19:36:59.964 [main] DEBUG stepDefinition.stepDef - Launch Url
19:37:03.721 [main] INFO  stepDefinition.stepDef - Pricline website launched and opened
19:37:07.918 [main] INFO  stepDefinition.stepDef - Screen Maximized
19:37:07.925 [main] DEBUG stepDefinition.stepDef - Click on Whereto checkbox on Hotel homepage
19:37:08.146 [main] DEBUG stepDefinition.stepDef - Send keys Chi in the searchbox
19:37:08.421 [main] INFO  stepDefinition.stepDef - Character Chi entered in the Searchbox
19:46:08.830 [main] DEBUG stepDefinition.stepDef - Initialize Driver
19:46:14.656 [main] INFO  stepDefinition.stepDef - Driver Initialized
19:46:14.688 [main] DEBUG stepDefinition.stepDef - Launch Url
19:46:17.841 [main] INFO  stepDefinition.stepDef - Pricline website launched and opened
19:46:22.249 [main] INFO  stepDefinition.stepDef - Screen Maximized
19:46:22.259 [main] DEBUG stepDefinition.stepDef - Click on Whereto checkbox on Hotel homepage
19:46:22.526 [main] DEBUG stepDefinition.stepDef - Send keys Chi in the searchbox
19:46:22.912 [main] INFO  stepDefinition.stepDef - Character Chi entered in the Searchbox
19:46:23.393 [main] INFO  stepDefinition.stepDef - City Selected
19:46:23.951 [main] DEBUG stepDefinition.stepDef - Select Checkin Date
19:46:25.001 [main] INFO  stepDefinition.stepDef - Checking Date Selected
19:46:25.001 [main] DEBUG stepDefinition.stepDef - Select Checkout Date
19:46:26.669 [main] INFO  stepDefinition.stepDef - Checkout Date Selected
19:46:26.669 [main] DEBUG stepDefinition.stepDef - Select no of rooms required
19:46:26.918 [main] INFO  stepDefinition.stepDef - Room count selected
